<?xml version="1.0" encoding="UTF-8"?>
<testsuite name="SILab2Test" tests="2" skipped="0" failures="0" errors="0" timestamp="2020-06-11T13:50:00" hostname="DESKTOP-6T6OUSD" time="0.046">
  <properties/>
  <testcase name="everyBranch()" classname="SILab2Test" time="0.042"/>
  <testcase name="everyStatement()" classname="SILab2Test" time="0.002"/>
  <system-out><![CDATA[]]></system-out>
  <system-err><![CDATA[]]></system-err>
</testsuite>
